<?xml version="1.0" encoding="UTF-8"?>
<testng-results ignored="0" total="1" passed="1" failed="0" skipped="0">
  <reporter-output>
    <line>
      <![CDATA[Setting up reports and Test]]>
    </line>
    <line>
      <![CDATA[Setting Done - test can be started --]]>
    </line>
  </reporter-output>
  <suite started-at="2023-03-06T12:48:07 GST" name="Suite" finished-at="2023-03-06T12:48:18 GST" duration-ms="10979">
    <groups>
    </groups>
    <test started-at="2023-03-06T12:48:07 GST" name="Test" finished-at="2023-03-06T12:48:18 GST" duration-ms="10979">
      <class name="com.swaglabs.testcases.LoginTestCRM">
        <test-method is-config="true" signature="setupSuit()[pri:0, instance:com.swaglabs.testcases.LoginTestCRM@550dbc7a]" started-at="2023-03-06T12:48:06 GST" name="setupSuit" finished-at="2023-03-06T12:48:07 GST" duration-ms="756" status="PASS">
          <reporter-output>
            <line>
              <![CDATA[Setting up reports and Test]]>
            </line>
            <line>
              <![CDATA[Setting Done - test can be started --]]>
            </line>
          </reporter-output>
        </test-method> <!-- setupSuit -->
        <test-method is-config="true" signature="setUp()[pri:0, instance:com.swaglabs.testcases.LoginTestCRM@550dbc7a]" started-at="2023-03-06T12:48:07 GST" name="setUp" finished-at="2023-03-06T12:48:14 GST" duration-ms="7081" status="PASS">
          <reporter-output>
          </reporter-output>
        </test-method> <!-- setUp -->
        <test-method signature="loginToApplication()[pri:0, instance:com.swaglabs.testcases.LoginTestCRM@550dbc7a]" started-at="2023-03-06T12:48:14 GST" name="loginToApplication" finished-at="2023-03-06T12:48:17 GST" duration-ms="2560" status="PASS">
          <reporter-output>
          </reporter-output>
        </test-method> <!-- loginToApplication -->
        <test-method is-config="true" signature="tearDownMethod(org.testng.ITestResult)[pri:0, instance:com.swaglabs.testcases.LoginTestCRM@550dbc7a]" started-at="2023-03-06T12:48:17 GST" name="tearDownMethod" finished-at="2023-03-06T12:48:18 GST" duration-ms="1041" status="PASS">
          <params>
            <param index="0">
              <value>
                <![CDATA[[TestResult name=loginToApplication status=SUCCESS method=LoginTestCRM.loginToApplication()[pri:0, instance:com.swaglabs.testcases.LoginTestCRM@550dbc7a] output={null}]]]>
              </value>
            </param>
          </params>
          <reporter-output>
          </reporter-output>
        </test-method> <!-- tearDownMethod -->
        <test-method is-config="true" signature="tearDown()[pri:0, instance:com.swaglabs.testcases.LoginTestCRM@550dbc7a]" started-at="2023-03-06T12:48:18 GST" name="tearDown" finished-at="2023-03-06T12:48:18 GST" duration-ms="272" status="PASS">
          <reporter-output>
          </reporter-output>
        </test-method> <!-- tearDown -->
      </class> <!-- com.swaglabs.testcases.LoginTestCRM -->
    </test> <!-- Test -->
  </suite> <!-- Suite -->
</testng-results>
